<?xml version="1.0" encoding="UTF-8" ?>
<testsuite tests="1" failures="1" name="xpadro.spring.integration.ws.test.TestAsyncInvocation" time="11.164" errors="0" skipped="0">
  <properties>
[...]
</properties>
  <testcase classname="xpadro.spring.integration.ws.test.TestAsyncInvocation" name="testInvocation" time="11.164">
    <failure message="expected:&lt;1&gt; but was:&lt;0&gt;" type="junit.framework.AssertionFailedError">junit.framework.AssertionFailedError: expected:&lt;1&gt; but was:&lt;0&gt;
	at junit.framework.Assert.fail(Assert.java:50)
	at junit.framework.Assert.failNotEquals(Assert.java:287)
	at junit.framework.Assert.assertEquals(Assert.java:67)
	at junit.framework.Assert.assertEquals(Assert.java:199)
	at junit.framework.Assert.assertEquals(Assert.java:205)
	at xpadro.spring.integration.ws.test.TestAsyncInvocation.testInvocation(TestAsyncInvocation.java:45)
	at sun.reflect.NativeMethodAccessorImpl.invoke0(Native Method)
	at sun.reflect.NativeMethodAccessorImpl.invoke(NativeMethodAccessorImpl.java:62)
	at sun.reflect.DelegatingMethodAccessorImpl.invoke(DelegatingMethodAccessorImpl.java:43)
	at java.lang.reflect.Method.invoke(Method.java:498)
	at org.junit.runners.model.FrameworkMethod$1.runReflectiveCall(FrameworkMethod.java:44)
	at org.junit.internal.runners.model.ReflectiveCallable.run(ReflectiveCallable.java:15)
	at org.junit.runners.model.FrameworkMethod.invokeExplosively(FrameworkMethod.java:41)
	at org.junit.internal.runners.statements.InvokeMethod.evaluate(InvokeMethod.java:20)
	at org.junit.internal.runners.statements.RunBefores.evaluate(RunBefores.java:28)
	at org.springframework.test.context.junit4.statements.RunBeforeTestMethodCallbacks.evaluate(RunBeforeTestMethodCallbacks.java:74)
	at org.springframework.test.context.junit4.statements.RunAfterTestMethodCallbacks.evaluate(RunAfterTestMethodCallbacks.java:83)
	at org.springframework.test.context.junit4.statements.SpringRepeat.evaluate(SpringRepeat.java:72)
	at org.springframework.test.context.junit4.SpringJUnit4ClassRunner.runChild(SpringJUnit4ClassRunner.java:232)
	at org.springframework.test.context.junit4.SpringJUnit4ClassRunner.runChild(SpringJUnit4ClassRunner.java:89)
	at org.junit.runners.ParentRunner$3.run(ParentRunner.java:231)
	at org.junit.runners.ParentRunner$1.schedule(ParentRunner.java:60)
	at org.junit.runners.ParentRunner.runChildren(ParentRunner.java:229)
	at org.junit.runners.ParentRunner.access$000(ParentRunner.java:50)
	at org.junit.runners.ParentRunner$2.evaluate(ParentRunner.java:222)
	at org.springframework.test.context.junit4.statements.RunBeforeTestClassCallbacks.evaluate(RunBeforeTestClassCallbacks.java:61)
	at org.springframework.test.context.junit4.statements.RunAfterTestClassCallbacks.evaluate(RunAfterTestClassCallbacks.java:71)
	at org.junit.runners.ParentRunner.run(ParentRunner.java:292)
	at org.springframework.test.context.junit4.SpringJUnit4ClassRunner.run(SpringJUnit4ClassRunner.java:175)
	at org.apache.maven.surefire.junit4.JUnit4Provider.execute(JUnit4Provider.java:252)
	at org.apache.maven.surefire.junit4.JUnit4Provider.executeTestSet(JUnit4Provider.java:141)
	at org.apache.maven.surefire.junit4.JUnit4Provider.invoke(JUnit4Provider.java:112)
	at sun.reflect.NativeMethodAccessorImpl.invoke0(Native Method)
	at sun.reflect.NativeMethodAccessorImpl.invoke(NativeMethodAccessorImpl.java:62)
	at sun.reflect.DelegatingMethodAccessorImpl.invoke(DelegatingMethodAccessorImpl.java:43)
	at java.lang.reflect.Method.invoke(Method.java:498)
	at org.apache.maven.surefire.util.ReflectionUtils.invokeMethodWithArray(ReflectionUtils.java:189)
	at org.apache.maven.surefire.booter.ProviderFactory$ProviderProxy.invoke(ProviderFactory.java:165)
	at org.apache.maven.surefire.booter.ProviderFactory.invokeProvider(ProviderFactory.java:85)
	at org.apache.maven.surefire.booter.ForkedBooter.runSuitesInProcess(ForkedBooter.java:115)
	at org.apache.maven.surefire.booter.ForkedBooter.main(ForkedBooter.java:75)
</failure>
    <system-out>2019-11-25 21:49:14,794|XmlBeanDefinitionReader|Loading XML bean definitions from class path resource [xpadro/spring/integration/ws/test/config/int-ws-async-config.xml]
2019-11-25 21:49:15,120|PropertiesLoaderSupport|Loading properties file from URL [jar:file:/Users/user/.m2/repository/org/springframework/integration/spring-integration-core/3.0.0.RELEASE/spring-integration-core-3.0.0.RELEASE.jar!/META-INF/spring.integration.default.properties]
2019-11-25 21:49:15,126|AbstractIntegrationNamespaceHandler|No bean named &apos;integrationHeaderChannelRegistry&apos; has been explicitly defined. Therefore, a default DefaultHeaderChannelRegistry will be created.
2019-11-25 21:49:15,172|AbstractApplicationContext|Refreshing org.springframework.context.support.GenericApplicationContext@48eff760: startup date [Mon Nov 25 21:49:15 CET 2019]; root of context hierarchy
2019-11-25 21:49:15,262|DefaultConfiguringBeanFactoryPostProcessor|No bean named &apos;errorChannel&apos; has been explicitly defined. Therefore, a default PublishSubscribeChannel will be created.
2019-11-25 21:49:15,262|DefaultConfiguringBeanFactoryPostProcessor|No bean named &apos;taskScheduler&apos; has been explicitly defined. Therefore, a default ThreadPoolTaskScheduler will be created.
2019-11-25 21:49:15,392|PropertiesLoaderSupport|Loading properties file from URL [jar:file:/Users/user/.m2/repository/org/springframework/integration/spring-integration-core/3.0.0.RELEASE/spring-integration-core-3.0.0.RELEASE.jar!/META-INF/spring.integration.default.properties]
2019-11-25 21:49:15,494|ExecutorConfigurationSupport|Initializing ExecutorService  &apos;taskScheduler&apos;
2019-11-25 21:49:15,533|AbstractEndpoint|started systemEntry
2019-11-25 21:49:15,534|AbstractEndpoint|started systemEntry
2019-11-25 21:49:15,616|Jaxb2Marshaller|Creating JAXBContext with context path [xpadro.spring.integration.ws.types]
2019-11-25 21:49:15,698|SaajSoapMessageFactory|Creating SAAJ 1.3 MessageFactory with SOAP 1.1 Protocol
2019-11-25 21:49:15,808|DefaultLifecycleProcessor$LifecycleGroup|Starting beans in phase -2147483648
2019-11-25 21:49:15,808|EventDrivenConsumer|Adding {logging-channel-adapter:_org.springframework.integration.errorLogger} as a subscriber to the &apos;errorChannel&apos; channel
2019-11-25 21:49:15,809|AbstractSubscribableChannel|Channel &apos;org.springframework.context.support.GenericApplicationContext@48eff760.errorChannel&apos; has 1 subscriber(s).
2019-11-25 21:49:15,809|AbstractEndpoint|started _org.springframework.integration.errorLogger
2019-11-25 21:49:15,810|DefaultLifecycleProcessor$LifecycleGroup|Starting beans in phase 0
2019-11-25 21:49:15,815|AbstractEndpoint|started marshallingGateway
2019-11-25 21:49:15,815|EventDrivenConsumer|Adding {service-activator} as a subscriber to the &apos;responseChannel&apos; channel
2019-11-25 21:49:15,815|AbstractSubscribableChannel|Channel &apos;org.springframework.context.support.GenericApplicationContext@48eff760.responseChannel&apos; has 1 subscriber(s).
2019-11-25 21:49:15,815|AbstractEndpoint|started org.springframework.integration.config.ConsumerEndpointFactoryBean#0
2019-11-25 21:49:15,816|EventDrivenConsumer|Adding {router} as a subscriber to the &apos;errorChannel&apos; channel
2019-11-25 21:49:15,816|AbstractSubscribableChannel|Channel &apos;org.springframework.context.support.GenericApplicationContext@48eff760.errorChannel&apos; has 2 subscriber(s).
2019-11-25 21:49:15,816|AbstractEndpoint|started org.springframework.integration.config.ConsumerEndpointFactoryBean#1
2019-11-25 21:49:15,816|EventDrivenConsumer|Adding {service-activator} as a subscriber to the &apos;retryChannel&apos; channel
2019-11-25 21:49:15,817|AbstractSubscribableChannel|Channel &apos;org.springframework.context.support.GenericApplicationContext@48eff760.retryChannel&apos; has 1 subscriber(s).
2019-11-25 21:49:15,817|AbstractEndpoint|started org.springframework.integration.config.ConsumerEndpointFactoryBean#2
2019-11-25 21:49:15,817|EventDrivenConsumer|Adding {service-activator} as a subscriber to the &apos;failedChannel&apos; channel
2019-11-25 21:49:15,817|AbstractSubscribableChannel|Channel &apos;org.springframework.context.support.GenericApplicationContext@48eff760.failedChannel&apos; has 1 subscriber(s).
2019-11-25 21:49:15,818|AbstractEndpoint|started org.springframework.integration.config.ConsumerEndpointFactoryBean#3
2019-11-25 21:49:15,949|MyInterceptor|Before endpoint invocation. Changed quantity old value 3 for 5
2019-11-25 21:49:16,016|LoggingHandler|org.springframework.integration.MessageHandlingException: error occurred in message handler [org.springframework.integration.ws.MarshallingWebServiceOutboundGateway#0]
	at org.springframework.integration.handler.AbstractMessageHandler.handleMessage(AbstractMessageHandler.java:79)
	at org.springframework.integration.endpoint.PollingConsumer.handleMessage(PollingConsumer.java:74)
	at org.springframework.integration.endpoint.AbstractPollingEndpoint.doPoll(AbstractPollingEndpoint.java:199)
	at org.springframework.integration.endpoint.AbstractPollingEndpoint.access$000(AbstractPollingEndpoint.java:51)
	at org.springframework.integration.endpoint.AbstractPollingEndpoint$1.call(AbstractPollingEndpoint.java:143)
	at org.springframework.integration.endpoint.AbstractPollingEndpoint$1.call(AbstractPollingEndpoint.java:141)
	at org.springframework.integration.endpoint.AbstractPollingEndpoint$Poller$1.run(AbstractPollingEndpoint.java:273)
	at org.springframework.integration.util.ErrorHandlingTaskExecutor$1.run(ErrorHandlingTaskExecutor.java:52)
	at org.springframework.core.task.SyncTaskExecutor.execute(SyncTaskExecutor.java:50)
	at org.springframework.integration.util.ErrorHandlingTaskExecutor.execute(ErrorHandlingTaskExecutor.java:49)
	at org.springframework.integration.endpoint.AbstractPollingEndpoint$Poller.run(AbstractPollingEndpoint.java:268)
	at org.springframework.scheduling.support.DelegatingErrorHandlingRunnable.run(DelegatingErrorHandlingRunnable.java:54)
	at org.springframework.scheduling.concurrent.ReschedulingRunnable.run(ReschedulingRunnable.java:81)
	at java.util.concurrent.Executors$RunnableAdapter.call(Executors.java:511)
	at java.util.concurrent.FutureTask.run(FutureTask.java:266)
	at java.util.concurrent.ScheduledThreadPoolExecutor$ScheduledFutureTask.access$201(ScheduledThreadPoolExecutor.java:180)
	at java.util.concurrent.ScheduledThreadPoolExecutor$ScheduledFutureTask.run(ScheduledThreadPoolExecutor.java:293)
	at java.util.concurrent.ThreadPoolExecutor.runWorker(ThreadPoolExecutor.java:1149)
	at java.util.concurrent.ThreadPoolExecutor$Worker.run(ThreadPoolExecutor.java:624)
	at java.lang.Thread.run(Thread.java:748)
Caused by: org.springframework.ws.client.WebServiceIOException: I/O error: Connection refused (Connection refused); nested exception is java.net.ConnectException: Connection refused (Connection refused)
	at org.springframework.ws.client.core.WebServiceTemplate.sendAndReceive(WebServiceTemplate.java:543)
	at org.springframework.integration.ws.MarshallingWebServiceOutboundGateway.doHandle(MarshallingWebServiceOutboundGateway.java:101)
	at org.springframework.integration.ws.AbstractWebServiceOutboundGateway.handleRequestMessage(AbstractWebServiceOutboundGateway.java:164)
	at org.springframework.integration.handler.AbstractReplyProducingMessageHandler.handleMessageInternal(AbstractReplyProducingMessageHandler.java:142)
	at org.springframework.integration.handler.AbstractMessageHandler.handleMessage(AbstractMessageHandler.java:73)
	... 19 more
Caused by: java.net.ConnectException: Connection refused (Connection refused)
	at java.net.PlainSocketImpl.socketConnect(Native Method)
	at java.net.AbstractPlainSocketImpl.doConnect(AbstractPlainSocketImpl.java:350)
	at java.net.AbstractPlainSocketImpl.connectToAddress(AbstractPlainSocketImpl.java:206)
	at java.net.AbstractPlainSocketImpl.connect(AbstractPlainSocketImpl.java:188)
	at java.net.SocksSocketImpl.connect(SocksSocketImpl.java:392)
	at java.net.Socket.connect(Socket.java:589)
	at java.net.Socket.connect(Socket.java:538)
	at sun.net.NetworkClient.doConnect(NetworkClient.java:180)
	at sun.net.www.http.HttpClient.openServer(HttpClient.java:463)
	at sun.net.www.http.HttpClient.openServer(HttpClient.java:558)
	at sun.net.www.http.HttpClient.&lt;init&gt;(HttpClient.java:242)
	at sun.net.www.http.HttpClient.New(HttpClient.java:339)
	at sun.net.www.http.HttpClient.New(HttpClient.java:357)
	at sun.net.www.protocol.http.HttpURLConnection.getNewHttpClient(HttpURLConnection.java:1226)
	at sun.net.www.protocol.http.HttpURLConnection.plainConnect0(HttpURLConnection.java:1162)
	at sun.net.www.protocol.http.HttpURLConnection.plainConnect(HttpURLConnection.java:1056)
	at sun.net.www.protocol.http.HttpURLConnection.connect(HttpURLConnection.java:990)
	at sun.net.www.protocol.http.HttpURLConnection.getOutputStream0(HttpURLConnection.java:1340)
	at sun.net.www.protocol.http.HttpURLConnection.getOutputStream(HttpURLConnection.java:1315)
	at org.springframework.ws.transport.http.HttpUrlConnection.getRequestOutputStream(HttpUrlConnection.java:84)
	at org.springframework.ws.transport.AbstractSenderConnection$RequestTransportOutputStream.createOutputStream(AbstractSenderConnection.java:106)
	at org.springframework.ws.transport.TransportOutputStream.getOutputStream(TransportOutputStream.java:41)
	at org.springframework.ws.transport.TransportOutputStream.write(TransportOutputStream.java:64)
	at com.sun.xml.internal.messaging.saaj.soap.MessageImpl.writeTo(MessageImpl.java:1314)
	at org.springframework.ws.soap.saaj.Saaj13Implementation.writeTo(Saaj13Implementation.java:345)
	at org.springframework.ws.soap.saaj.SaajSoapMessage.writeTo(SaajSoapMessage.java:247)
	at org.springframework.ws.transport.AbstractWebServiceConnection.send(AbstractWebServiceConnection.java:45)
	at org.springframework.ws.client.core.WebServiceTemplate.sendRequest(WebServiceTemplate.java:622)
	at org.springframework.ws.client.core.WebServiceTemplate.doSendAndReceive(WebServiceTemplate.java:585)
	at org.springframework.ws.client.core.WebServiceTemplate.sendAndReceive(WebServiceTemplate.java:537)
	... 23 more

2019-11-25 21:49:16,019|ServiceRouter|Handling service failure
2019-11-25 21:49:16,020|ServiceRouter|Retry number 1 of 3
2019-11-25 21:49:16,023|ClientServiceActivator|Service invocation failed. Activating retry trigger...
2019-11-25 21:49:16,024|AbstractEndpoint|started retryAdapter
2019-11-25 21:49:20,006|ClientServiceActivator|Retrying service invocation...
2019-11-25 21:49:20,009|MyInterceptor|Before endpoint invocation. Changed quantity old value 3 for 5
2019-11-25 21:49:20,012|LoggingHandler|org.springframework.integration.MessageHandlingException: error occurred in message handler [org.springframework.integration.ws.MarshallingWebServiceOutboundGateway#0]
	at org.springframework.integration.handler.AbstractMessageHandler.handleMessage(AbstractMessageHandler.java:79)
	at org.springframework.integration.endpoint.PollingConsumer.handleMessage(PollingConsumer.java:74)
	at org.springframework.integration.endpoint.AbstractPollingEndpoint.doPoll(AbstractPollingEndpoint.java:199)
	at org.springframework.integration.endpoint.AbstractPollingEndpoint.access$000(AbstractPollingEndpoint.java:51)
	at org.springframework.integration.endpoint.AbstractPollingEndpoint$1.call(AbstractPollingEndpoint.java:143)
	at org.springframework.integration.endpoint.AbstractPollingEndpoint$1.call(AbstractPollingEndpoint.java:141)
	at org.springframework.integration.endpoint.AbstractPollingEndpoint$Poller$1.run(AbstractPollingEndpoint.java:273)
	at org.springframework.integration.util.ErrorHandlingTaskExecutor$1.run(ErrorHandlingTaskExecutor.java:52)
	at org.springframework.core.task.SyncTaskExecutor.execute(SyncTaskExecutor.java:50)
	at org.springframework.integration.util.ErrorHandlingTaskExecutor.execute(ErrorHandlingTaskExecutor.java:49)
	at org.springframework.integration.endpoint.AbstractPollingEndpoint$Poller.run(AbstractPollingEndpoint.java:268)
	at org.springframework.scheduling.support.DelegatingErrorHandlingRunnable.run(DelegatingErrorHandlingRunnable.java:54)
	at org.springframework.scheduling.concurrent.ReschedulingRunnable.run(ReschedulingRunnable.java:81)
	at java.util.concurrent.Executors$RunnableAdapter.call(Executors.java:511)
	at java.util.concurrent.FutureTask.run(FutureTask.java:266)
	at java.util.concurrent.ScheduledThreadPoolExecutor$ScheduledFutureTask.access$201(ScheduledThreadPoolExecutor.java:180)
	at java.util.concurrent.ScheduledThreadPoolExecutor$ScheduledFutureTask.run(ScheduledThreadPoolExecutor.java:293)
	at java.util.concurrent.ThreadPoolExecutor.runWorker(ThreadPoolExecutor.java:1149)
	at java.util.concurrent.ThreadPoolExecutor$Worker.run(ThreadPoolExecutor.java:624)
	at java.lang.Thread.run(Thread.java:748)
Caused by: org.springframework.ws.client.WebServiceIOException: I/O error: Connection refused (Connection refused); nested exception is java.net.ConnectException: Connection refused (Connection refused)
	at org.springframework.ws.client.core.WebServiceTemplate.sendAndReceive(WebServiceTemplate.java:543)
	at org.springframework.integration.ws.MarshallingWebServiceOutboundGateway.doHandle(MarshallingWebServiceOutboundGateway.java:101)
	at org.springframework.integration.ws.AbstractWebServiceOutboundGateway.handleRequestMessage(AbstractWebServiceOutboundGateway.java:164)
	at org.springframework.integration.handler.AbstractReplyProducingMessageHandler.handleMessageInternal(AbstractReplyProducingMessageHandler.java:142)
	at org.springframework.integration.handler.AbstractMessageHandler.handleMessage(AbstractMessageHandler.java:73)
	... 19 more
Caused by: java.net.ConnectException: Connection refused (Connection refused)
	at java.net.PlainSocketImpl.socketConnect(Native Method)
	at java.net.AbstractPlainSocketImpl.doConnect(AbstractPlainSocketImpl.java:350)
	at java.net.AbstractPlainSocketImpl.connectToAddress(AbstractPlainSocketImpl.java:206)
	at java.net.AbstractPlainSocketImpl.connect(AbstractPlainSocketImpl.java:188)
	at java.net.SocksSocketImpl.connect(SocksSocketImpl.java:392)
	at java.net.Socket.connect(Socket.java:589)
	at java.net.Socket.connect(Socket.java:538)
	at sun.net.NetworkClient.doConnect(NetworkClient.java:180)
	at sun.net.www.http.HttpClient.openServer(HttpClient.java:463)
	at sun.net.www.http.HttpClient.openServer(HttpClient.java:558)
	at sun.net.www.http.HttpClient.&lt;init&gt;(HttpClient.java:242)
	at sun.net.www.http.HttpClient.New(HttpClient.java:339)
	at sun.net.www.http.HttpClient.New(HttpClient.java:357)
	at sun.net.www.protocol.http.HttpURLConnection.getNewHttpClient(HttpURLConnection.java:1226)
	at sun.net.www.protocol.http.HttpURLConnection.plainConnect0(HttpURLConnection.java:1162)
	at sun.net.www.protocol.http.HttpURLConnection.plainConnect(HttpURLConnection.java:1056)
	at sun.net.www.protocol.http.HttpURLConnection.connect(HttpURLConnection.java:990)
	at sun.net.www.protocol.http.HttpURLConnection.getOutputStream0(HttpURLConnection.java:1340)
	at sun.net.www.protocol.http.HttpURLConnection.getOutputStream(HttpURLConnection.java:1315)
	at org.springframework.ws.transport.http.HttpUrlConnection.getRequestOutputStream(HttpUrlConnection.java:84)
	at org.springframework.ws.transport.AbstractSenderConnection$RequestTransportOutputStream.createOutputStream(AbstractSenderConnection.java:106)
	at org.springframework.ws.transport.TransportOutputStream.getOutputStream(TransportOutputStream.java:41)
	at org.springframework.ws.transport.TransportOutputStream.write(TransportOutputStream.java:64)
	at com.sun.xml.internal.messaging.saaj.soap.MessageImpl.writeTo(MessageImpl.java:1314)
	at org.springframework.ws.soap.saaj.Saaj13Implementation.writeTo(Saaj13Implementation.java:345)
	at org.springframework.ws.soap.saaj.SaajSoapMessage.writeTo(SaajSoapMessage.java:247)
	at org.springframework.ws.transport.AbstractWebServiceConnection.send(AbstractWebServiceConnection.java:45)
	at org.springframework.ws.client.core.WebServiceTemplate.sendRequest(WebServiceTemplate.java:622)
	at org.springframework.ws.client.core.WebServiceTemplate.doSendAndReceive(WebServiceTemplate.java:585)
	at org.springframework.ws.client.core.WebServiceTemplate.sendAndReceive(WebServiceTemplate.java:537)
	... 23 more

2019-11-25 21:49:20,015|ServiceRouter|Handling service failure
2019-11-25 21:49:20,015|ServiceRouter|Retry number 2 of 3
2019-11-25 21:49:20,016|ClientServiceActivator|Service invocation failed. Activating retry trigger...
2019-11-25 21:49:25,003|ClientServiceActivator|Retrying service invocation...
2019-11-25 21:49:25,005|MyInterceptor|Before endpoint invocation. Changed quantity old value 3 for 5
2019-11-25 21:49:25,008|LoggingHandler|org.springframework.integration.MessageHandlingException: error occurred in message handler [org.springframework.integration.ws.MarshallingWebServiceOutboundGateway#0]
	at org.springframework.integration.handler.AbstractMessageHandler.handleMessage(AbstractMessageHandler.java:79)
	at org.springframework.integration.endpoint.PollingConsumer.handleMessage(PollingConsumer.java:74)
	at org.springframework.integration.endpoint.AbstractPollingEndpoint.doPoll(AbstractPollingEndpoint.java:199)
	at org.springframework.integration.endpoint.AbstractPollingEndpoint.access$000(AbstractPollingEndpoint.java:51)
	at org.springframework.integration.endpoint.AbstractPollingEndpoint$1.call(AbstractPollingEndpoint.java:143)
	at org.springframework.integration.endpoint.AbstractPollingEndpoint$1.call(AbstractPollingEndpoint.java:141)
	at org.springframework.integration.endpoint.AbstractPollingEndpoint$Poller$1.run(AbstractPollingEndpoint.java:273)
	at org.springframework.integration.util.ErrorHandlingTaskExecutor$1.run(ErrorHandlingTaskExecutor.java:52)
	at org.springframework.core.task.SyncTaskExecutor.execute(SyncTaskExecutor.java:50)
	at org.springframework.integration.util.ErrorHandlingTaskExecutor.execute(ErrorHandlingTaskExecutor.java:49)
	at org.springframework.integration.endpoint.AbstractPollingEndpoint$Poller.run(AbstractPollingEndpoint.java:268)
	at org.springframework.scheduling.support.DelegatingErrorHandlingRunnable.run(DelegatingErrorHandlingRunnable.java:54)
	at org.springframework.scheduling.concurrent.ReschedulingRunnable.run(ReschedulingRunnable.java:81)
	at java.util.concurrent.Executors$RunnableAdapter.call(Executors.java:511)
	at java.util.concurrent.FutureTask.run(FutureTask.java:266)
	at java.util.concurrent.ScheduledThreadPoolExecutor$ScheduledFutureTask.access$201(ScheduledThreadPoolExecutor.java:180)
	at java.util.concurrent.ScheduledThreadPoolExecutor$ScheduledFutureTask.run(ScheduledThreadPoolExecutor.java:293)
	at java.util.concurrent.ThreadPoolExecutor.runWorker(ThreadPoolExecutor.java:1149)
	at java.util.concurrent.ThreadPoolExecutor$Worker.run(ThreadPoolExecutor.java:624)
	at java.lang.Thread.run(Thread.java:748)
Caused by: org.springframework.ws.client.WebServiceIOException: I/O error: Connection refused (Connection refused); nested exception is java.net.ConnectException: Connection refused (Connection refused)
	at org.springframework.ws.client.core.WebServiceTemplate.sendAndReceive(WebServiceTemplate.java:543)
	at org.springframework.integration.ws.MarshallingWebServiceOutboundGateway.doHandle(MarshallingWebServiceOutboundGateway.java:101)
	at org.springframework.integration.ws.AbstractWebServiceOutboundGateway.handleRequestMessage(AbstractWebServiceOutboundGateway.java:164)
	at org.springframework.integration.handler.AbstractReplyProducingMessageHandler.handleMessageInternal(AbstractReplyProducingMessageHandler.java:142)
	at org.springframework.integration.handler.AbstractMessageHandler.handleMessage(AbstractMessageHandler.java:73)
	... 19 more
Caused by: java.net.ConnectException: Connection refused (Connection refused)
	at java.net.PlainSocketImpl.socketConnect(Native Method)
	at java.net.AbstractPlainSocketImpl.doConnect(AbstractPlainSocketImpl.java:350)
	at java.net.AbstractPlainSocketImpl.connectToAddress(AbstractPlainSocketImpl.java:206)
	at java.net.AbstractPlainSocketImpl.connect(AbstractPlainSocketImpl.java:188)
	at java.net.SocksSocketImpl.connect(SocksSocketImpl.java:392)
	at java.net.Socket.connect(Socket.java:589)
	at java.net.Socket.connect(Socket.java:538)
	at sun.net.NetworkClient.doConnect(NetworkClient.java:180)
	at sun.net.www.http.HttpClient.openServer(HttpClient.java:463)
	at sun.net.www.http.HttpClient.openServer(HttpClient.java:558)
	at sun.net.www.http.HttpClient.&lt;init&gt;(HttpClient.java:242)
	at sun.net.www.http.HttpClient.New(HttpClient.java:339)
	at sun.net.www.http.HttpClient.New(HttpClient.java:357)
	at sun.net.www.protocol.http.HttpURLConnection.getNewHttpClient(HttpURLConnection.java:1226)
	at sun.net.www.protocol.http.HttpURLConnection.plainConnect0(HttpURLConnection.java:1162)
	at sun.net.www.protocol.http.HttpURLConnection.plainConnect(HttpURLConnection.java:1056)
	at sun.net.www.protocol.http.HttpURLConnection.connect(HttpURLConnection.java:990)
	at sun.net.www.protocol.http.HttpURLConnection.getOutputStream0(HttpURLConnection.java:1340)
	at sun.net.www.protocol.http.HttpURLConnection.getOutputStream(HttpURLConnection.java:1315)
	at org.springframework.ws.transport.http.HttpUrlConnection.getRequestOutputStream(HttpUrlConnection.java:84)
	at org.springframework.ws.transport.AbstractSenderConnection$RequestTransportOutputStream.createOutputStream(AbstractSenderConnection.java:106)
	at org.springframework.ws.transport.TransportOutputStream.getOutputStream(TransportOutputStream.java:41)
	at org.springframework.ws.transport.TransportOutputStream.write(TransportOutputStream.java:64)
	at com.sun.xml.internal.messaging.saaj.soap.MessageImpl.writeTo(MessageImpl.java:1314)
	at org.springframework.ws.soap.saaj.Saaj13Implementation.writeTo(Saaj13Implementation.java:345)
	at org.springframework.ws.soap.saaj.SaajSoapMessage.writeTo(SaajSoapMessage.java:247)
	at org.springframework.ws.transport.AbstractWebServiceConnection.send(AbstractWebServiceConnection.java:45)
	at org.springframework.ws.client.core.WebServiceTemplate.sendRequest(WebServiceTemplate.java:622)
	at org.springframework.ws.client.core.WebServiceTemplate.doSendAndReceive(WebServiceTemplate.java:585)
	at org.springframework.ws.client.core.WebServiceTemplate.sendAndReceive(WebServiceTemplate.java:537)
	... 23 more

2019-11-25 21:49:25,009|ServiceRouter|Handling service failure
2019-11-25 21:49:25,009|ServiceRouter|Retry number 3 of 3
2019-11-25 21:49:25,009|ClientServiceActivator|Service invocation failed. Activating retry trigger...
</system-out>
  </testcase>
</testsuite>