<?xml version="1.0" encoding="UTF-8" ?>
<testsuite tests="1" failures="0" name="xpadro.spring.integration.ws.test.TestInvocation" time="20.645" errors="1" skipped="0">
  <properties>
[...]
</properties>
  <testcase classname="xpadro.spring.integration.ws.test.TestInvocation" name="testInvocation" time="20.645">
    <error message="I/O error: Connection refused (Connection refused); nested exception is java.net.ConnectException: Connection refused (Connection refused)" type="org.springframework.ws.client.WebServiceIOException">org.springframework.ws.client.WebServiceIOException: I/O error: Connection refused (Connection refused); nested exception is java.net.ConnectException: Connection refused (Connection refused)
	at org.springframework.ws.client.core.WebServiceTemplate.sendAndReceive(WebServiceTemplate.java:543)
	at org.springframework.integration.ws.MarshallingWebServiceOutboundGateway.doHandle(MarshallingWebServiceOutboundGateway.java:101)
	at org.springframework.integration.ws.AbstractWebServiceOutboundGateway.handleRequestMessage(AbstractWebServiceOutboundGateway.java:164)
	at org.springframework.integration.handler.AbstractReplyProducingMessageHandler$AdvisedRequestHandler.handleRequestMessage(AbstractReplyProducingMessageHandler.java:274)
	at sun.reflect.NativeMethodAccessorImpl.invoke0(Native Method)
	at sun.reflect.NativeMethodAccessorImpl.invoke(NativeMethodAccessorImpl.java:62)
	at sun.reflect.DelegatingMethodAccessorImpl.invoke(DelegatingMethodAccessorImpl.java:43)
	at java.lang.reflect.Method.invoke(Method.java:498)
	at org.springframework.aop.support.AopUtils.invokeJoinpointUsingReflection(AopUtils.java:317)
	at org.springframework.aop.framework.ReflectiveMethodInvocation.invokeJoinpoint(ReflectiveMethodInvocation.java:190)
	at org.springframework.aop.framework.ReflectiveMethodInvocation.proceed(ReflectiveMethodInvocation.java:157)
	at org.springframework.integration.handler.advice.AbstractRequestHandlerAdvice$1.cloneAndExecute(AbstractRequestHandlerAdvice.java:89)
	at org.springframework.integration.handler.advice.RequestHandlerRetryAdvice$2.doWithRetry(RequestHandlerRetryAdvice.java:86)
	at org.springframework.retry.support.RetryTemplate.doExecute(RetryTemplate.java:255)
	at org.springframework.retry.support.RetryTemplate.execute(RetryTemplate.java:188)
	at org.springframework.integration.handler.advice.RequestHandlerRetryAdvice.doInvoke(RequestHandlerRetryAdvice.java:84)
	at org.springframework.integration.handler.advice.AbstractRequestHandlerAdvice.invoke(AbstractRequestHandlerAdvice.java:68)
	at org.springframework.aop.framework.ReflectiveMethodInvocation.proceed(ReflectiveMethodInvocation.java:179)
	at org.springframework.aop.framework.JdkDynamicAopProxy.invoke(JdkDynamicAopProxy.java:207)
	at com.sun.proxy.$Proxy26.handleRequestMessage(Unknown Source)
	at org.springframework.integration.handler.AbstractReplyProducingMessageHandler.doInvokeAdvisedRequestHandler(AbstractReplyProducingMessageHandler.java:161)
	at org.springframework.integration.handler.AbstractReplyProducingMessageHandler.handleMessageInternal(AbstractReplyProducingMessageHandler.java:145)
	at org.springframework.integration.handler.AbstractMessageHandler.handleMessage(AbstractMessageHandler.java:73)
	at org.springframework.integration.dispatcher.UnicastingDispatcher.doDispatch(UnicastingDispatcher.java:115)
	at org.springframework.integration.dispatcher.UnicastingDispatcher.dispatch(UnicastingDispatcher.java:102)
	at org.springframework.integration.channel.AbstractSubscribableChannel.doSend(AbstractSubscribableChannel.java:77)
	at org.springframework.integration.channel.AbstractMessageChannel.send(AbstractMessageChannel.java:178)
	at org.springframework.integration.channel.AbstractMessageChannel.send(AbstractMessageChannel.java:149)
	at org.springframework.integration.core.MessagingTemplate.doSend(MessagingTemplate.java:330)
	at org.springframework.integration.core.MessagingTemplate.doSendAndReceive(MessagingTemplate.java:361)
	at org.springframework.integration.core.MessagingTemplate.sendAndReceive(MessagingTemplate.java:274)
	at org.springframework.integration.core.MessagingTemplate.convertSendAndReceive(MessagingTemplate.java:315)
	at org.springframework.integration.gateway.MessagingGatewaySupport.doSendAndReceive(MessagingGatewaySupport.java:225)
	at org.springframework.integration.gateway.MessagingGatewaySupport.sendAndReceive(MessagingGatewaySupport.java:204)
	at org.springframework.integration.gateway.GatewayProxyFactoryBean.invokeGatewayMethod(GatewayProxyFactoryBean.java:323)
	at org.springframework.integration.gateway.GatewayProxyFactoryBean.doInvoke(GatewayProxyFactoryBean.java:286)
	at org.springframework.integration.gateway.GatewayProxyFactoryBean.invoke(GatewayProxyFactoryBean.java:277)
	at org.springframework.aop.framework.ReflectiveMethodInvocation.proceed(ReflectiveMethodInvocation.java:179)
	at org.springframework.aop.framework.JdkDynamicAopProxy.invoke(JdkDynamicAopProxy.java:207)
	at com.sun.proxy.$Proxy25.invoke(Unknown Source)
	at xpadro.spring.integration.ws.test.TestInvocation.testInvocation(TestInvocation.java:35)
	at sun.reflect.NativeMethodAccessorImpl.invoke0(Native Method)
	at sun.reflect.NativeMethodAccessorImpl.invoke(NativeMethodAccessorImpl.java:62)
	at sun.reflect.DelegatingMethodAccessorImpl.invoke(DelegatingMethodAccessorImpl.java:43)
	at java.lang.reflect.Method.invoke(Method.java:498)
	at org.junit.runners.model.FrameworkMethod$1.runReflectiveCall(FrameworkMethod.java:44)
	at org.junit.internal.runners.model.ReflectiveCallable.run(ReflectiveCallable.java:15)
	at org.junit.runners.model.FrameworkMethod.invokeExplosively(FrameworkMethod.java:41)
	at org.junit.internal.runners.statements.InvokeMethod.evaluate(InvokeMethod.java:20)
	at org.springframework.test.context.junit4.statements.RunBeforeTestMethodCallbacks.evaluate(RunBeforeTestMethodCallbacks.java:74)
	at org.springframework.test.context.junit4.statements.RunAfterTestMethodCallbacks.evaluate(RunAfterTestMethodCallbacks.java:83)
	at org.springframework.test.context.junit4.statements.SpringRepeat.evaluate(SpringRepeat.java:72)
	at org.springframework.test.context.junit4.SpringJUnit4ClassRunner.runChild(SpringJUnit4ClassRunner.java:232)
	at org.springframework.test.context.junit4.SpringJUnit4ClassRunner.runChild(SpringJUnit4ClassRunner.java:89)
	at org.junit.runners.ParentRunner$3.run(ParentRunner.java:231)
	at org.junit.runners.ParentRunner$1.schedule(ParentRunner.java:60)
	at org.junit.runners.ParentRunner.runChildren(ParentRunner.java:229)
	at org.junit.runners.ParentRunner.access$000(ParentRunner.java:50)
	at org.junit.runners.ParentRunner$2.evaluate(ParentRunner.java:222)
	at org.springframework.test.context.junit4.statements.RunBeforeTestClassCallbacks.evaluate(RunBeforeTestClassCallbacks.java:61)
	at org.springframework.test.context.junit4.statements.RunAfterTestClassCallbacks.evaluate(RunAfterTestClassCallbacks.java:71)
	at org.junit.runners.ParentRunner.run(ParentRunner.java:292)
	at org.springframework.test.context.junit4.SpringJUnit4ClassRunner.run(SpringJUnit4ClassRunner.java:175)
	at org.apache.maven.surefire.junit4.JUnit4Provider.execute(JUnit4Provider.java:252)
	at org.apache.maven.surefire.junit4.JUnit4Provider.executeTestSet(JUnit4Provider.java:141)
	at org.apache.maven.surefire.junit4.JUnit4Provider.invoke(JUnit4Provider.java:112)
	at sun.reflect.NativeMethodAccessorImpl.invoke0(Native Method)
	at sun.reflect.NativeMethodAccessorImpl.invoke(NativeMethodAccessorImpl.java:62)
	at sun.reflect.DelegatingMethodAccessorImpl.invoke(DelegatingMethodAccessorImpl.java:43)
	at java.lang.reflect.Method.invoke(Method.java:498)
	at org.apache.maven.surefire.util.ReflectionUtils.invokeMethodWithArray(ReflectionUtils.java:189)
	at org.apache.maven.surefire.booter.ProviderFactory$ProviderProxy.invoke(ProviderFactory.java:165)
	at org.apache.maven.surefire.booter.ProviderFactory.invokeProvider(ProviderFactory.java:85)
	at org.apache.maven.surefire.booter.ForkedBooter.runSuitesInProcess(ForkedBooter.java:115)
	at org.apache.maven.surefire.booter.ForkedBooter.main(ForkedBooter.java:75)
Caused by: java.net.ConnectException: Connection refused (Connection refused)
	at java.net.PlainSocketImpl.socketConnect(Native Method)
	at java.net.AbstractPlainSocketImpl.doConnect(AbstractPlainSocketImpl.java:350)
	at java.net.AbstractPlainSocketImpl.connectToAddress(AbstractPlainSocketImpl.java:206)
	at java.net.AbstractPlainSocketImpl.connect(AbstractPlainSocketImpl.java:188)
	at java.net.SocksSocketImpl.connect(SocksSocketImpl.java:392)
	at java.net.Socket.connect(Socket.java:589)
	at org.apache.http.conn.scheme.PlainSocketFactory.connectSocket(PlainSocketFactory.java:117)
	at org.apache.http.impl.conn.DefaultClientConnectionOperator.openConnection(DefaultClientConnectionOperator.java:177)
	at org.apache.http.impl.conn.AbstractPoolEntry.open(AbstractPoolEntry.java:144)
	at org.apache.http.impl.conn.AbstractPooledConnAdapter.open(AbstractPooledConnAdapter.java:131)
	at org.apache.http.impl.client.DefaultRequestDirector.tryConnect(DefaultRequestDirector.java:611)
	at org.apache.http.impl.client.DefaultRequestDirector.execute(DefaultRequestDirector.java:446)
	at org.apache.http.impl.client.AbstractHttpClient.doExecute(AbstractHttpClient.java:863)
	at org.apache.http.impl.client.CloseableHttpClient.execute(CloseableHttpClient.java:82)
	at org.apache.http.impl.client.CloseableHttpClient.execute(CloseableHttpClient.java:106)
	at org.apache.http.impl.client.CloseableHttpClient.execute(CloseableHttpClient.java:57)
	at org.springframework.ws.transport.http.HttpComponentsConnection.onSendAfterWrite(HttpComponentsConnection.java:119)
	at org.springframework.ws.transport.AbstractWebServiceConnection.send(AbstractWebServiceConnection.java:47)
	at org.springframework.ws.client.core.WebServiceTemplate.sendRequest(WebServiceTemplate.java:622)
	at org.springframework.ws.client.core.WebServiceTemplate.doSendAndReceive(WebServiceTemplate.java:585)
	at org.springframework.ws.client.core.WebServiceTemplate.sendAndReceive(WebServiceTemplate.java:537)
	... 74 more
</error>
    <system-out>2019-11-25 21:49:25,852|XmlBeanDefinitionReader|Loading XML bean definitions from class path resource [xpadro/spring/integration/ws/test/config/int-ws-config.xml]
2019-11-25 21:49:25,958|AbstractIntegrationNamespaceHandler|No bean named &apos;integrationHeaderChannelRegistry&apos; has been explicitly defined. Therefore, a default DefaultHeaderChannelRegistry will be created.
2019-11-25 21:49:25,966|AbstractApplicationContext|Refreshing org.springframework.context.support.GenericApplicationContext@6f53b8a: startup date [Mon Nov 25 21:49:25 CET 2019]; root of context hierarchy
2019-11-25 21:49:25,978|DefaultConfiguringBeanFactoryPostProcessor|No bean named &apos;errorChannel&apos; has been explicitly defined. Therefore, a default PublishSubscribeChannel will be created.
2019-11-25 21:49:25,978|DefaultConfiguringBeanFactoryPostProcessor|No bean named &apos;taskScheduler&apos; has been explicitly defined. Therefore, a default ThreadPoolTaskScheduler will be created.
2019-11-25 21:49:25,987|PropertiesLoaderSupport|Loading properties file from URL [jar:file:/Users/user/.m2/repository/org/springframework/integration/spring-integration-core/3.0.0.RELEASE/spring-integration-core-3.0.0.RELEASE.jar!/META-INF/spring.integration.default.properties]
2019-11-25 21:49:26,012|ExecutorConfigurationSupport|Initializing ExecutorService  &apos;taskScheduler&apos;
2019-11-25 21:49:26,016|AbstractEndpoint|started systemEntry
2019-11-25 21:49:26,017|AbstractEndpoint|started systemEntry
2019-11-25 21:49:26,019|Jaxb2Marshaller|Creating JAXBContext with context path [xpadro.spring.integration.ws.types]
2019-11-25 21:49:26,025|SaajSoapMessageFactory|Creating SAAJ 1.3 MessageFactory with SOAP 1.1 Protocol
2019-11-25 21:49:26,409|DefaultLifecycleProcessor$LifecycleGroup|Starting beans in phase -2147483648
2019-11-25 21:49:26,409|EventDrivenConsumer|Adding {logging-channel-adapter:_org.springframework.integration.errorLogger} as a subscriber to the &apos;errorChannel&apos; channel
2019-11-25 21:49:26,409|AbstractSubscribableChannel|Channel &apos;org.springframework.context.support.GenericApplicationContext@6f53b8a.errorChannel&apos; has 1 subscriber(s).
2019-11-25 21:49:26,410|AbstractEndpoint|started _org.springframework.integration.errorLogger
2019-11-25 21:49:26,410|DefaultLifecycleProcessor$LifecycleGroup|Starting beans in phase 0
2019-11-25 21:49:26,411|EventDrivenConsumer|Adding {message-handler:marshallingGateway} as a subscriber to the &apos;requestChannel&apos; channel
2019-11-25 21:49:26,411|AbstractSubscribableChannel|Channel &apos;org.springframework.context.support.GenericApplicationContext@6f53b8a.requestChannel&apos; has 1 subscriber(s).
2019-11-25 21:49:26,411|AbstractEndpoint|started marshallingGateway
2019-11-25 21:49:26,416|EventDrivenConsumer|Adding {bridge:null} as a subscriber to the &apos;responseChannel&apos; channel
2019-11-25 21:49:26,416|AbstractSubscribableChannel|Channel &apos;org.springframework.context.support.GenericApplicationContext@6f53b8a.responseChannel&apos; has 1 subscriber(s).
2019-11-25 21:49:26,417|AbstractEndpoint|started org.springframework.integration.endpoint.EventDrivenConsumer@b978d10
2019-11-25 21:49:26,427|MyInterceptor|Before endpoint invocation. Changed quantity old value 3 for 5
2019-11-25 21:49:30,002|ClientServiceActivator|Retrying service invocation...
2019-11-25 21:49:30,004|MyInterceptor|Before endpoint invocation. Changed quantity old value 3 for 5
2019-11-25 21:49:30,008|LoggingHandler|org.springframework.integration.MessageHandlingException: error occurred in message handler [org.springframework.integration.ws.MarshallingWebServiceOutboundGateway#0]
	at org.springframework.integration.handler.AbstractMessageHandler.handleMessage(AbstractMessageHandler.java:79)
	at org.springframework.integration.endpoint.PollingConsumer.handleMessage(PollingConsumer.java:74)
	at org.springframework.integration.endpoint.AbstractPollingEndpoint.doPoll(AbstractPollingEndpoint.java:199)
	at org.springframework.integration.endpoint.AbstractPollingEndpoint.access$000(AbstractPollingEndpoint.java:51)
	at org.springframework.integration.endpoint.AbstractPollingEndpoint$1.call(AbstractPollingEndpoint.java:143)
	at org.springframework.integration.endpoint.AbstractPollingEndpoint$1.call(AbstractPollingEndpoint.java:141)
	at org.springframework.integration.endpoint.AbstractPollingEndpoint$Poller$1.run(AbstractPollingEndpoint.java:273)
	at org.springframework.integration.util.ErrorHandlingTaskExecutor$1.run(ErrorHandlingTaskExecutor.java:52)
	at org.springframework.core.task.SyncTaskExecutor.execute(SyncTaskExecutor.java:50)
	at org.springframework.integration.util.ErrorHandlingTaskExecutor.execute(ErrorHandlingTaskExecutor.java:49)
	at org.springframework.integration.endpoint.AbstractPollingEndpoint$Poller.run(AbstractPollingEndpoint.java:268)
	at org.springframework.scheduling.support.DelegatingErrorHandlingRunnable.run(DelegatingErrorHandlingRunnable.java:54)
	at org.springframework.scheduling.concurrent.ReschedulingRunnable.run(ReschedulingRunnable.java:81)
	at java.util.concurrent.Executors$RunnableAdapter.call(Executors.java:511)
	at java.util.concurrent.FutureTask.run(FutureTask.java:266)
	at java.util.concurrent.ScheduledThreadPoolExecutor$ScheduledFutureTask.access$201(ScheduledThreadPoolExecutor.java:180)
	at java.util.concurrent.ScheduledThreadPoolExecutor$ScheduledFutureTask.run(ScheduledThreadPoolExecutor.java:293)
	at java.util.concurrent.ThreadPoolExecutor.runWorker(ThreadPoolExecutor.java:1149)
	at java.util.concurrent.ThreadPoolExecutor$Worker.run(ThreadPoolExecutor.java:624)
	at java.lang.Thread.run(Thread.java:748)
Caused by: org.springframework.ws.client.WebServiceIOException: I/O error: Connection refused (Connection refused); nested exception is java.net.ConnectException: Connection refused (Connection refused)
	at org.springframework.ws.client.core.WebServiceTemplate.sendAndReceive(WebServiceTemplate.java:543)
	at org.springframework.integration.ws.MarshallingWebServiceOutboundGateway.doHandle(MarshallingWebServiceOutboundGateway.java:101)
	at org.springframework.integration.ws.AbstractWebServiceOutboundGateway.handleRequestMessage(AbstractWebServiceOutboundGateway.java:164)
	at org.springframework.integration.handler.AbstractReplyProducingMessageHandler.handleMessageInternal(AbstractReplyProducingMessageHandler.java:142)
	at org.springframework.integration.handler.AbstractMessageHandler.handleMessage(AbstractMessageHandler.java:73)
	... 19 more
Caused by: java.net.ConnectException: Connection refused (Connection refused)
	at java.net.PlainSocketImpl.socketConnect(Native Method)
	at java.net.AbstractPlainSocketImpl.doConnect(AbstractPlainSocketImpl.java:350)
	at java.net.AbstractPlainSocketImpl.connectToAddress(AbstractPlainSocketImpl.java:206)
	at java.net.AbstractPlainSocketImpl.connect(AbstractPlainSocketImpl.java:188)
	at java.net.SocksSocketImpl.connect(SocksSocketImpl.java:392)
	at java.net.Socket.connect(Socket.java:589)
	at java.net.Socket.connect(Socket.java:538)
	at sun.net.NetworkClient.doConnect(NetworkClient.java:180)
	at sun.net.www.http.HttpClient.openServer(HttpClient.java:463)
	at sun.net.www.http.HttpClient.openServer(HttpClient.java:558)
	at sun.net.www.http.HttpClient.&lt;init&gt;(HttpClient.java:242)
	at sun.net.www.http.HttpClient.New(HttpClient.java:339)
	at sun.net.www.http.HttpClient.New(HttpClient.java:357)
	at sun.net.www.protocol.http.HttpURLConnection.getNewHttpClient(HttpURLConnection.java:1226)
	at sun.net.www.protocol.http.HttpURLConnection.plainConnect0(HttpURLConnection.java:1162)
	at sun.net.www.protocol.http.HttpURLConnection.plainConnect(HttpURLConnection.java:1056)
	at sun.net.www.protocol.http.HttpURLConnection.connect(HttpURLConnection.java:990)
	at sun.net.www.protocol.http.HttpURLConnection.getOutputStream0(HttpURLConnection.java:1340)
	at sun.net.www.protocol.http.HttpURLConnection.getOutputStream(HttpURLConnection.java:1315)
	at org.springframework.ws.transport.http.HttpUrlConnection.getRequestOutputStream(HttpUrlConnection.java:84)
	at org.springframework.ws.transport.AbstractSenderConnection$RequestTransportOutputStream.createOutputStream(AbstractSenderConnection.java:106)
	at org.springframework.ws.transport.TransportOutputStream.getOutputStream(TransportOutputStream.java:41)
	at org.springframework.ws.transport.TransportOutputStream.write(TransportOutputStream.java:64)
	at com.sun.xml.internal.messaging.saaj.soap.MessageImpl.writeTo(MessageImpl.java:1314)
	at org.springframework.ws.soap.saaj.Saaj13Implementation.writeTo(Saaj13Implementation.java:345)
	at org.springframework.ws.soap.saaj.SaajSoapMessage.writeTo(SaajSoapMessage.java:247)
	at org.springframework.ws.transport.AbstractWebServiceConnection.send(AbstractWebServiceConnection.java:45)
	at org.springframework.ws.client.core.WebServiceTemplate.sendRequest(WebServiceTemplate.java:622)
	at org.springframework.ws.client.core.WebServiceTemplate.doSendAndReceive(WebServiceTemplate.java:585)
	at org.springframework.ws.client.core.WebServiceTemplate.sendAndReceive(WebServiceTemplate.java:537)
	... 23 more

2019-11-25 21:49:30,009|ServiceRouter|Handling service failure
2019-11-25 21:49:30,009|ServiceRouter|Max retries [3] reached
2019-11-25 21:49:30,010|ClientServiceActivator|Failed to succesfully invoke service. Finishing flow.
2019-11-25 21:49:30,010|AbstractEndpoint|stopped retryAdapter
2019-11-25 21:49:31,484|MyInterceptor|Before endpoint invocation. Changed quantity old value 3 for 5
2019-11-25 21:49:36,493|MyInterceptor|Before endpoint invocation. Changed quantity old value 3 for 5
2019-11-25 21:49:41,499|MyInterceptor|Before endpoint invocation. Changed quantity old value 3 for 5
2019-11-25 21:49:46,508|MyInterceptor|Before endpoint invocation. Changed quantity old value 3 for 5
2019-11-25 21:49:46,512|MessagingGatewaySupport|failure occurred in gateway sendAndReceive
org.springframework.integration.MessagingException: Failed to invoke handler
	at org.springframework.integration.handler.advice.RequestHandlerRetryAdvice.doInvoke(RequestHandlerRetryAdvice.java:97)
	at org.springframework.integration.handler.advice.AbstractRequestHandlerAdvice.invoke(AbstractRequestHandlerAdvice.java:68)
	at org.springframework.aop.framework.ReflectiveMethodInvocation.proceed(ReflectiveMethodInvocation.java:179)
	at org.springframework.aop.framework.JdkDynamicAopProxy.invoke(JdkDynamicAopProxy.java:207)
	at com.sun.proxy.$Proxy26.handleRequestMessage(Unknown Source)
	at org.springframework.integration.handler.AbstractReplyProducingMessageHandler.doInvokeAdvisedRequestHandler(AbstractReplyProducingMessageHandler.java:161)
	at org.springframework.integration.handler.AbstractReplyProducingMessageHandler.handleMessageInternal(AbstractReplyProducingMessageHandler.java:145)
	at org.springframework.integration.handler.AbstractMessageHandler.handleMessage(AbstractMessageHandler.java:73)
	at org.springframework.integration.dispatcher.UnicastingDispatcher.doDispatch(UnicastingDispatcher.java:115)
	at org.springframework.integration.dispatcher.UnicastingDispatcher.dispatch(UnicastingDispatcher.java:102)
	at org.springframework.integration.channel.AbstractSubscribableChannel.doSend(AbstractSubscribableChannel.java:77)
	at org.springframework.integration.channel.AbstractMessageChannel.send(AbstractMessageChannel.java:178)
	at org.springframework.integration.channel.AbstractMessageChannel.send(AbstractMessageChannel.java:149)
	at org.springframework.integration.core.MessagingTemplate.doSend(MessagingTemplate.java:330)
	at org.springframework.integration.core.MessagingTemplate.doSendAndReceive(MessagingTemplate.java:361)
	at org.springframework.integration.core.MessagingTemplate.sendAndReceive(MessagingTemplate.java:274)
	at org.springframework.integration.core.MessagingTemplate.convertSendAndReceive(MessagingTemplate.java:315)
	at org.springframework.integration.gateway.MessagingGatewaySupport.doSendAndReceive(MessagingGatewaySupport.java:225)
	at org.springframework.integration.gateway.MessagingGatewaySupport.sendAndReceive(MessagingGatewaySupport.java:204)
	at org.springframework.integration.gateway.GatewayProxyFactoryBean.invokeGatewayMethod(GatewayProxyFactoryBean.java:323)
	at org.springframework.integration.gateway.GatewayProxyFactoryBean.doInvoke(GatewayProxyFactoryBean.java:286)
	at org.springframework.integration.gateway.GatewayProxyFactoryBean.invoke(GatewayProxyFactoryBean.java:277)
	at org.springframework.aop.framework.ReflectiveMethodInvocation.proceed(ReflectiveMethodInvocation.java:179)
	at org.springframework.aop.framework.JdkDynamicAopProxy.invoke(JdkDynamicAopProxy.java:207)
	at com.sun.proxy.$Proxy25.invoke(Unknown Source)
	at xpadro.spring.integration.ws.test.TestInvocation.testInvocation(TestInvocation.java:35)
	at sun.reflect.NativeMethodAccessorImpl.invoke0(Native Method)
	at sun.reflect.NativeMethodAccessorImpl.invoke(NativeMethodAccessorImpl.java:62)
	at sun.reflect.DelegatingMethodAccessorImpl.invoke(DelegatingMethodAccessorImpl.java:43)
	at java.lang.reflect.Method.invoke(Method.java:498)
	at org.junit.runners.model.FrameworkMethod$1.runReflectiveCall(FrameworkMethod.java:44)
	at org.junit.internal.runners.model.ReflectiveCallable.run(ReflectiveCallable.java:15)
	at org.junit.runners.model.FrameworkMethod.invokeExplosively(FrameworkMethod.java:41)
	at org.junit.internal.runners.statements.InvokeMethod.evaluate(InvokeMethod.java:20)
	at org.springframework.test.context.junit4.statements.RunBeforeTestMethodCallbacks.evaluate(RunBeforeTestMethodCallbacks.java:74)
	at org.springframework.test.context.junit4.statements.RunAfterTestMethodCallbacks.evaluate(RunAfterTestMethodCallbacks.java:83)
	at org.springframework.test.context.junit4.statements.SpringRepeat.evaluate(SpringRepeat.java:72)
	at org.springframework.test.context.junit4.SpringJUnit4ClassRunner.runChild(SpringJUnit4ClassRunner.java:232)
	at org.springframework.test.context.junit4.SpringJUnit4ClassRunner.runChild(SpringJUnit4ClassRunner.java:89)
	at org.junit.runners.ParentRunner$3.run(ParentRunner.java:231)
	at org.junit.runners.ParentRunner$1.schedule(ParentRunner.java:60)
	at org.junit.runners.ParentRunner.runChildren(ParentRunner.java:229)
	at org.junit.runners.ParentRunner.access$000(ParentRunner.java:50)
	at org.junit.runners.ParentRunner$2.evaluate(ParentRunner.java:222)
	at org.springframework.test.context.junit4.statements.RunBeforeTestClassCallbacks.evaluate(RunBeforeTestClassCallbacks.java:61)
	at org.springframework.test.context.junit4.statements.RunAfterTestClassCallbacks.evaluate(RunAfterTestClassCallbacks.java:71)
	at org.junit.runners.ParentRunner.run(ParentRunner.java:292)
	at org.springframework.test.context.junit4.SpringJUnit4ClassRunner.run(SpringJUnit4ClassRunner.java:175)
	at org.apache.maven.surefire.junit4.JUnit4Provider.execute(JUnit4Provider.java:252)
	at org.apache.maven.surefire.junit4.JUnit4Provider.executeTestSet(JUnit4Provider.java:141)
	at org.apache.maven.surefire.junit4.JUnit4Provider.invoke(JUnit4Provider.java:112)
	at sun.reflect.NativeMethodAccessorImpl.invoke0(Native Method)
	at sun.reflect.NativeMethodAccessorImpl.invoke(NativeMethodAccessorImpl.java:62)
	at sun.reflect.DelegatingMethodAccessorImpl.invoke(DelegatingMethodAccessorImpl.java:43)
	at java.lang.reflect.Method.invoke(Method.java:498)
	at org.apache.maven.surefire.util.ReflectionUtils.invokeMethodWithArray(ReflectionUtils.java:189)
	at org.apache.maven.surefire.booter.ProviderFactory$ProviderProxy.invoke(ProviderFactory.java:165)
	at org.apache.maven.surefire.booter.ProviderFactory.invokeProvider(ProviderFactory.java:85)
	at org.apache.maven.surefire.booter.ForkedBooter.runSuitesInProcess(ForkedBooter.java:115)
	at org.apache.maven.surefire.booter.ForkedBooter.main(ForkedBooter.java:75)
Caused by: org.springframework.ws.client.WebServiceIOException: I/O error: Connection refused (Connection refused); nested exception is java.net.ConnectException: Connection refused (Connection refused)
	at org.springframework.ws.client.core.WebServiceTemplate.sendAndReceive(WebServiceTemplate.java:543)
	at org.springframework.integration.ws.MarshallingWebServiceOutboundGateway.doHandle(MarshallingWebServiceOutboundGateway.java:101)
	at org.springframework.integration.ws.AbstractWebServiceOutboundGateway.handleRequestMessage(AbstractWebServiceOutboundGateway.java:164)
	at org.springframework.integration.handler.AbstractReplyProducingMessageHandler$AdvisedRequestHandler.handleRequestMessage(AbstractReplyProducingMessageHandler.java:274)
	at sun.reflect.NativeMethodAccessorImpl.invoke0(Native Method)
	at sun.reflect.NativeMethodAccessorImpl.invoke(NativeMethodAccessorImpl.java:62)
	at sun.reflect.DelegatingMethodAccessorImpl.invoke(DelegatingMethodAccessorImpl.java:43)
	at java.lang.reflect.Method.invoke(Method.java:498)
	at org.springframework.aop.support.AopUtils.invokeJoinpointUsingReflection(AopUtils.java:317)
	at org.springframework.aop.framework.ReflectiveMethodInvocation.invokeJoinpoint(ReflectiveMethodInvocation.java:190)
	at org.springframework.aop.framework.ReflectiveMethodInvocation.proceed(ReflectiveMethodInvocation.java:157)
	at org.springframework.integration.handler.advice.AbstractRequestHandlerAdvice$1.cloneAndExecute(AbstractRequestHandlerAdvice.java:89)
	at org.springframework.integration.handler.advice.RequestHandlerRetryAdvice$2.doWithRetry(RequestHandlerRetryAdvice.java:86)
	at org.springframework.retry.support.RetryTemplate.doExecute(RetryTemplate.java:255)
	at org.springframework.retry.support.RetryTemplate.execute(RetryTemplate.java:188)
	at org.springframework.integration.handler.advice.RequestHandlerRetryAdvice.doInvoke(RequestHandlerRetryAdvice.java:84)
	... 59 more
Caused by: java.net.ConnectException: Connection refused (Connection refused)
	at java.net.PlainSocketImpl.socketConnect(Native Method)
	at java.net.AbstractPlainSocketImpl.doConnect(AbstractPlainSocketImpl.java:350)
	at java.net.AbstractPlainSocketImpl.connectToAddress(AbstractPlainSocketImpl.java:206)
	at java.net.AbstractPlainSocketImpl.connect(AbstractPlainSocketImpl.java:188)
	at java.net.SocksSocketImpl.connect(SocksSocketImpl.java:392)
	at java.net.Socket.connect(Socket.java:589)
	at org.apache.http.conn.scheme.PlainSocketFactory.connectSocket(PlainSocketFactory.java:117)
	at org.apache.http.impl.conn.DefaultClientConnectionOperator.openConnection(DefaultClientConnectionOperator.java:177)
	at org.apache.http.impl.conn.AbstractPoolEntry.open(AbstractPoolEntry.java:144)
	at org.apache.http.impl.conn.AbstractPooledConnAdapter.open(AbstractPooledConnAdapter.java:131)
	at org.apache.http.impl.client.DefaultRequestDirector.tryConnect(DefaultRequestDirector.java:611)
	at org.apache.http.impl.client.DefaultRequestDirector.execute(DefaultRequestDirector.java:446)
	at org.apache.http.impl.client.AbstractHttpClient.doExecute(AbstractHttpClient.java:863)
	at org.apache.http.impl.client.CloseableHttpClient.execute(CloseableHttpClient.java:82)
	at org.apache.http.impl.client.CloseableHttpClient.execute(CloseableHttpClient.java:106)
	at org.apache.http.impl.client.CloseableHttpClient.execute(CloseableHttpClient.java:57)
	at org.springframework.ws.transport.http.HttpComponentsConnection.onSendAfterWrite(HttpComponentsConnection.java:119)
	at org.springframework.ws.transport.AbstractWebServiceConnection.send(AbstractWebServiceConnection.java:47)
	at org.springframework.ws.client.core.WebServiceTemplate.sendRequest(WebServiceTemplate.java:622)
	at org.springframework.ws.client.core.WebServiceTemplate.doSendAndReceive(WebServiceTemplate.java:585)
	at org.springframework.ws.client.core.WebServiceTemplate.sendAndReceive(WebServiceTemplate.java:537)
	... 74 more
</system-out>
  </testcase>
</testsuite>